[20:01:50] [Render thread/INFO]: Environment: authHost='https://authserver.mojang.com', accountsHost='https://api.mojang.com', sessionHost='https://sessionserver.mojang.com', servicesHost='https://api.minecraftservices.com', name='PROD'
[20:01:51] [Render thread/ERROR]: Failed to verify authentication
com.mojang.authlib.exceptions.InvalidCredentialsException: Status: 401
	at com.mojang.authlib.exceptions.MinecraftClientHttpException.toAuthenticationException(MinecraftClientHttpException.java:56) ~[authlib-3.3.39.jar:?]
	at com.mojang.authlib.yggdrasil.YggdrasilUserApiService.fetchProperties(YggdrasilUserApiService.java:132) ~[authlib-3.3.39.jar:?]
	at com.mojang.authlib.yggdrasil.YggdrasilUserApiService.<init>(YggdrasilUserApiService.java:44) ~[authlib-3.3.39.jar:?]
	at com.mojang.authlib.yggdrasil.YggdrasilAuthenticationService.createUserApiService(YggdrasilAuthenticationService.java:153) ~[authlib-3.3.39.jar:?]
	at dyr.a(SourceFile:680) [1.18.2.jar:?]
	at dyr.<init>(SourceFile:424) [1.18.2.jar:?]
	at net.minecraft.client.main.Main.main(SourceFile:197) [1.18.2.jar:?]
Caused by: com.mojang.authlib.exceptions.MinecraftClientHttpException: Status: 401
	at com.mojang.authlib.minecraft.client.MinecraftClient.readInputStream(MinecraftClient.java:78) ~[authlib-3.3.39.jar:?]
	at com.mojang.authlib.minecraft.client.MinecraftClient.get(MinecraftClient.java:48) ~[authlib-3.3.39.jar:?]
	at com.mojang.authlib.yggdrasil.YggdrasilUserApiService.fetchProperties(YggdrasilUserApiService.java:113) ~[authlib-3.3.39.jar:?]
	... 5 more
[20:01:51] [Render thread/INFO]: Setting user: Player885
[20:01:51] [Render thread/INFO]: Backend library: LWJGL version 3.2.2 build 10
[20:01:53] [Render thread/WARN]: ERROR : Couldn't load Narrator library
java.lang.UnsatisfiedLinkError: libflite.so.1: cannot open shared object file: No such file or directory
	at com.sun.jna.Native.open(Native Method) ~[jna-5.10.0.jar:5.10.0 (b0)]
	at com.sun.jna.NativeLibrary.loadLibrary(NativeLibrary.java:277) ~[jna-5.10.0.jar:5.10.0 (b0)]
	at com.sun.jna.NativeLibrary.getInstance(NativeLibrary.java:461) ~[jna-5.10.0.jar:5.10.0 (b0)]
	at com.sun.jna.NativeLibrary.getInstance(NativeLibrary.java:403) ~[jna-5.10.0.jar:5.10.0 (b0)]
	at com.mojang.text2speech.NarratorLinux.<clinit>(NarratorLinux.java:18) [text2speech-1.12.4.jar:?]
	at com.mojang.text2speech.Narrator.getNarrator(Narrator.java:21) [text2speech-1.12.4.jar:?]
	at dzu.<init>(SourceFile:26) [1.18.2.jar:?]
	at dzu.<clinit>(SourceFile:24) [1.18.2.jar:?]
	at dzq.<init>(SourceFile:165) [1.18.2.jar:?]
	at dyr.<init>(SourceFile:593) [1.18.2.jar:?]
	at net.minecraft.client.main.Main.main(SourceFile:197) [1.18.2.jar:?]
[20:01:53] [Render thread/INFO]: Reloading ResourceManager: Default
[20:01:53] [Realms Notification Availability checker #1/ERROR]: Realms http code: 400 - raw body (message failed to parse): 
[20:01:55] [Render thread/INFO]: Stopping!
[20:01:55] [Render thread/ERROR]: Shutdown failure!
java.util.ConcurrentModificationException: null
	at java.util.HashMap.forEach(HashMap.java:1424) ~[?:?]
	at faz.close(SourceFile:173) ~[1.18.2.jar:?]
	at dyr.close(SourceFile:1048) [1.18.2.jar:?]
	at dyr.l(SourceFile:1026) [1.18.2.jar:?]
	at net.minecraft.client.main.Main.main(SourceFile:252) [1.18.2.jar:?]
